{"/Users/Jake/Desktop/projects/saywhat-api/server/database/index.js": {"path":"/Users/Jake/Desktop/projects/saywhat-api/server/database/index.js","statementMap":{"0":{"start":{"line":1,"column":24},"end":{"line":1,"column":42}},"1":{"start":{"line":2,"column":25},"end":{"line":2,"column":45}},"2":{"start":{"line":3,"column":15},"end":{"line":3,"column":35}},"3":{"start":{"line":13,"column":2},"end":{"line":18,"column":5}},"4":{"start":{"line":15,"column":6},"end":{"line":15,"column":63}},"5":{"start":{"line":17,"column":6},"end":{"line":17,"column":61}},"6":{"start":{"line":19,"column":2},"end":{"line":27,"column":3}},"7":{"start":{"line":25,"column":4},"end":{"line":25,"column":49}},"8":{"start":{"line":26,"column":4},"end":{"line":26,"column":59}},"9":{"start":{"line":30,"column":2},"end":{"line":32,"column":3}},"10":{"start":{"line":31,"column":4},"end":{"line":31,"column":62}},"11":{"start":{"line":35,"column":2},"end":{"line":35,"column":77}},"12":{"start":{"line":38,"column":0},"end":{"line":42,"column":1}}},"fnMap":{"0":{"name":"makeConnectionString","decl":{"start":{"line":5,"column":9},"end":{"line":5,"column":29}},"loc":{"start":{"line":11,"column":2},"end":{"line":36,"column":1}},"line":11}},"branchMap":{"0":{"loc":{"start":{"line":13,"column":2},"end":{"line":18,"column":5}},"type":"if","locations":[{"start":{"line":13,"column":2},"end":{"line":18,"column":5}},{"start":{},"end":{}}],"line":13},"1":{"loc":{"start":{"line":13,"column":5},"end":{"line":14,"column":31}},"type":"binary-expr","locations":[{"start":{"line":13,"column":5},"end":{"line":13,"column":32}},{"start":{"line":14,"column":4},"end":{"line":14,"column":31}}],"line":13},"2":{"loc":{"start":{"line":19,"column":2},"end":{"line":27,"column":3}},"type":"if","locations":[{"start":{"line":19,"column":2},"end":{"line":27,"column":3}},{"start":{},"end":{}}],"line":19},"3":{"loc":{"start":{"line":20,"column":4},"end":{"line":23,"column":12}},"type":"binary-expr","locations":[{"start":{"line":20,"column":4},"end":{"line":20,"column":27}},{"start":{"line":21,"column":5},"end":{"line":21,"column":14}},{"start":{"line":22,"column":4},"end":{"line":22,"column":7}},{"start":{"line":23,"column":4},"end":{"line":23,"column":11}}],"line":20},"4":{"loc":{"start":{"line":30,"column":2},"end":{"line":32,"column":3}},"type":"if","locations":[{"start":{"line":30,"column":2},"end":{"line":32,"column":3}},{"start":{},"end":{}}],"line":30}},"s":{"0":11,"1":11,"2":11,"3":28,"4":3,"5":3,"6":25,"7":3,"8":3,"9":22,"10":21,"11":1,"12":11},"f":{"0":28},"b":{"0":[3,25],"1":[28,27],"2":[3,22],"3":[25,4,3,2],"4":[21,1]},"_coverageSchema":"1a1c01bbd47fc00a2c39e90264f33305004495a9","hash":"7043ddd89cf74e7c767c2ab86bdc53069d791249"}
,"/Users/Jake/Desktop/projects/saywhat-api/server/global/constants.js": {"path":"/Users/Jake/Desktop/projects/saywhat-api/server/global/constants.js","statementMap":{"0":{"start":{"line":1,"column":14},"end":{"line":27,"column":1}},"1":{"start":{"line":29,"column":0},"end":{"line":29,"column":23}}},"fnMap":{},"branchMap":{},"s":{"0":14,"1":14},"f":{},"b":{},"_coverageSchema":"1a1c01bbd47fc00a2c39e90264f33305004495a9","hash":"13b07fd2bf2f1016c1ff0613c67e4a984ebc7197"}
,"/Users/Jake/Desktop/projects/saywhat-api/server/global/events.js": {"path":"/Users/Jake/Desktop/projects/saywhat-api/server/global/events.js","statementMap":{"0":{"start":{"line":6,"column":25},"end":{"line":6,"column":42}},"1":{"start":{"line":7,"column":21},"end":{"line":7,"column":39}},"2":{"start":{"line":10,"column":2},"end":{"line":10,"column":37}},"3":{"start":{"line":12,"column":24},"end":{"line":12,"column":42}},"4":{"start":{"line":13,"column":0},"end":{"line":13,"column":49}},"5":{"start":{"line":14,"column":0},"end":{"line":14,"column":46}},"6":{"start":{"line":16,"column":0},"end":{"line":19,"column":2}}},"fnMap":{"0":{"name":"setConnected","decl":{"start":{"line":9,"column":9},"end":{"line":9,"column":21}},"loc":{"start":{"line":9,"column":26},"end":{"line":11,"column":1}},"line":9}},"branchMap":{},"s":{"0":15,"1":15,"2":4,"3":15,"4":15,"5":15,"6":15},"f":{"0":4},"b":{},"_coverageSchema":"1a1c01bbd47fc00a2c39e90264f33305004495a9","hash":"f4b1b621286291acb9bd5c97cff083f3b05171a8"}
,"/Users/Jake/Desktop/projects/saywhat-api/server/global/index.js": {"path":"/Users/Jake/Desktop/projects/saywhat-api/server/global/index.js","statementMap":{"0":{"start":{"line":1,"column":21},"end":{"line":1,"column":39}},"1":{"start":{"line":2,"column":24},"end":{"line":2,"column":43}},"2":{"start":{"line":3,"column":18},"end":{"line":3,"column":40}},"3":{"start":{"line":4,"column":0},"end":{"line":8,"column":1}}},"fnMap":{},"branchMap":{},"s":{"0":14,"1":14,"2":14,"3":14},"f":{},"b":{},"_coverageSchema":"1a1c01bbd47fc00a2c39e90264f33305004495a9","hash":"c8be18be04d42d3474305aecf484ce55c19a4891"}
,"/Users/Jake/Desktop/projects/saywhat-api/server/global/state.js": {"path":"/Users/Jake/Desktop/projects/saywhat-api/server/global/state.js","statementMap":{"0":{"start":{"line":1,"column":21},"end":{"line":11,"column":1}},"1":{"start":{"line":13,"column":0},"end":{"line":13,"column":30}}},"fnMap":{},"branchMap":{},"s":{"0":15,"1":15},"f":{},"b":{},"_coverageSchema":"1a1c01bbd47fc00a2c39e90264f33305004495a9","hash":"acd8eb73bf307c30a90231a4c3072c89ab5837a6"}
,"/Users/Jake/Desktop/projects/saywhat-api/server/helpers/index.js": {"path":"/Users/Jake/Desktop/projects/saywhat-api/server/helpers/index.js","statementMap":{"0":{"start":{"line":1,"column":20},"end":{"line":1,"column":44}},"1":{"start":{"line":2,"column":0},"end":{"line":4,"column":1}}},"fnMap":{},"branchMap":{},"s":{"0":13,"1":13},"f":{},"b":{},"_coverageSchema":"1a1c01bbd47fc00a2c39e90264f33305004495a9","hash":"aebe1e6b6534d18e9cca35e0c26265424714c5f8"}
,"/Users/Jake/Desktop/projects/saywhat-api/server/helpers/twoAreEqual.js": {"path":"/Users/Jake/Desktop/projects/saywhat-api/server/helpers/twoAreEqual.js","statementMap":{"0":{"start":{"line":1,"column":0},"end":{"line":3,"column":1}},"1":{"start":{"line":2,"column":2},"end":{"line":2,"column":16}}},"fnMap":{"0":{"name":"twoAreEqual","decl":{"start":{"line":1,"column":26},"end":{"line":1,"column":37}},"loc":{"start":{"line":1,"column":42},"end":{"line":3,"column":1}},"line":1}},"branchMap":{},"s":{"0":13,"1":22},"f":{"0":22},"b":{},"_coverageSchema":"1a1c01bbd47fc00a2c39e90264f33305004495a9","hash":"57e07d42fa4a488ae891462cec505c64b59e7c2b"}
,"/Users/Jake/Desktop/projects/saywhat-api/server/lib/expectMissingParams.js": {"path":"/Users/Jake/Desktop/projects/saywhat-api/server/lib/expectMissingParams.js","statementMap":{"0":{"start":{"line":2,"column":2},"end":{"line":2,"column":36}},"1":{"start":{"line":3,"column":2},"end":{"line":3,"column":99}},"2":{"start":{"line":6,"column":0},"end":{"line":8,"column":1}}},"fnMap":{"0":{"name":"expectMissingParams","decl":{"start":{"line":1,"column":9},"end":{"line":1,"column":28}},"loc":{"start":{"line":1,"column":39},"end":{"line":4,"column":1}},"line":1}},"branchMap":{},"s":{"0":3,"1":3,"2":1},"f":{"0":3},"b":{},"_coverageSchema":"1a1c01bbd47fc00a2c39e90264f33305004495a9","hash":"b9f01ec02f18b8ee79e6089b780acec89264ea9a"}
,"/Users/Jake/Desktop/projects/saywhat-api/server/lib/index.js": {"path":"/Users/Jake/Desktop/projects/saywhat-api/server/lib/index.js","statementMap":{"0":{"start":{"line":1,"column":32},"end":{"line":1,"column":64}},"1":{"start":{"line":3,"column":0},"end":{"line":5,"column":2}}},"fnMap":{},"branchMap":{},"s":{"0":1,"1":1},"f":{},"b":{},"_coverageSchema":"1a1c01bbd47fc00a2c39e90264f33305004495a9","hash":"289892fd50dce6ec620bc34814596ffd4923f950"}
,"/Users/Jake/Desktop/projects/saywhat-api/server/middleware/index.js": {"path":"/Users/Jake/Desktop/projects/saywhat-api/server/middleware/index.js","statementMap":{"0":{"start":{"line":1,"column":25},"end":{"line":1,"column":50}},"1":{"start":{"line":2,"column":28},"end":{"line":2,"column":45}},"2":{"start":{"line":3,"column":33},"end":{"line":3,"column":58}},"3":{"start":{"line":5,"column":0},"end":{"line":10,"column":1}}},"fnMap":{},"branchMap":{},"s":{"0":10,"1":10,"2":10,"3":10},"f":{},"b":{},"_coverageSchema":"1a1c01bbd47fc00a2c39e90264f33305004495a9","hash":"2cd018110143771aad0ed899808887689370ef6b"}
,"/Users/Jake/Desktop/projects/saywhat-api/server/middleware/assertParams/index.js": {"path":"/Users/Jake/Desktop/projects/saywhat-api/server/middleware/assertParams/index.js","statementMap":{"0":{"start":{"line":23,"column":2},"end":{"line":51,"column":4}},"1":{"start":{"line":24,"column":4},"end":{"line":50,"column":5}},"2":{"start":{"line":25,"column":29},"end":{"line":25,"column":51}},"3":{"start":{"line":28,"column":6},"end":{"line":42,"column":7}},"4":{"start":{"line":28,"column":19},"end":{"line":28,"column":20}},"5":{"start":{"line":29,"column":25},"end":{"line":29,"column":44}},"6":{"start":{"line":30,"column":27},"end":{"line":30,"column":48}},"7":{"start":{"line":36,"column":8},"end":{"line":41,"column":9}},"8":{"start":{"line":36,"column":22},"end":{"line":36,"column":23}},"9":{"start":{"line":37,"column":32},"end":{"line":37,"column":48}},"10":{"start":{"line":38,"column":10},"end":{"line":40,"column":11}},"11":{"start":{"line":39,"column":12},"end":{"line":39,"column":78}},"12":{"start":{"line":43,"column":6},"end":{"line":43,"column":20}},"13":{"start":{"line":45,"column":6},"end":{"line":45,"column":41}},"14":{"start":{"line":46,"column":6},"end":{"line":46,"column":33}},"15":{"start":{"line":47,"column":6},"end":{"line":47,"column":24}},"16":{"start":{"line":49,"column":6},"end":{"line":49,"column":29}},"17":{"start":{"line":54,"column":0},"end":{"line":56,"column":2}}},"fnMap":{"0":{"name":"assertParams","decl":{"start":{"line":22,"column":9},"end":{"line":22,"column":21}},"loc":{"start":{"line":22,"column":33},"end":{"line":52,"column":1}},"line":22},"1":{"name":"(anonymous_1)","decl":{"start":{"line":23,"column":9},"end":{"line":23,"column":10}},"loc":{"start":{"line":23,"column":35},"end":{"line":51,"column":3}},"line":23}},"branchMap":{"0":{"loc":{"start":{"line":38,"column":10},"end":{"line":40,"column":11}},"type":"if","locations":[{"start":{"line":38,"column":10},"end":{"line":40,"column":11}},{"start":{},"end":{}}],"line":38}},"s":{"0":24,"1":14,"2":14,"3":14,"4":14,"5":14,"6":14,"7":14,"8":14,"9":24,"10":24,"11":8,"12":5,"13":1,"14":1,"15":1,"16":1,"17":11},"f":{"0":24,"1":14},"b":{"0":[8,15]},"_coverageSchema":"1a1c01bbd47fc00a2c39e90264f33305004495a9","hash":"a960d59658628d266aef52e735e6d327ac1f5a89"}
,"/Users/Jake/Desktop/projects/saywhat-api/server/middleware/auth/admin.js": {"path":"/Users/Jake/Desktop/projects/saywhat-api/server/middleware/auth/admin.js","statementMap":{"0":{"start":{"line":2,"column":2},"end":{"line":2,"column":29}},"1":{"start":{"line":4,"column":2},"end":{"line":4,"column":8}},"2":{"start":{"line":7,"column":0},"end":{"line":7,"column":27}}},"fnMap":{"0":{"name":"adminAuth","decl":{"start":{"line":1,"column":9},"end":{"line":1,"column":18}},"loc":{"start":{"line":1,"column":35},"end":{"line":5,"column":1}},"line":1}},"branchMap":{},"s":{"0":1,"1":1,"2":11},"f":{"0":1},"b":{},"_coverageSchema":"1a1c01bbd47fc00a2c39e90264f33305004495a9","hash":"d0412b4065146351ac69bd21c44209ccb0ac6707"}
,"/Users/Jake/Desktop/projects/saywhat-api/server/middleware/auth/auth.js": {"path":"/Users/Jake/Desktop/projects/saywhat-api/server/middleware/auth/auth.js","statementMap":{"0":{"start":{"line":2,"column":2},"end":{"line":2,"column":24}},"1":{"start":{"line":3,"column":2},"end":{"line":3,"column":8}},"2":{"start":{"line":6,"column":0},"end":{"line":6,"column":22}}},"fnMap":{"0":{"name":"auth","decl":{"start":{"line":1,"column":9},"end":{"line":1,"column":13}},"loc":{"start":{"line":1,"column":30},"end":{"line":4,"column":1}},"line":1}},"branchMap":{},"s":{"0":1,"1":1,"2":11},"f":{"0":1},"b":{},"_coverageSchema":"1a1c01bbd47fc00a2c39e90264f33305004495a9","hash":"cc72d43c17328fe1919bfe8e407acb7a7fe2c9aa"}
,"/Users/Jake/Desktop/projects/saywhat-api/server/middleware/auth/index.js": {"path":"/Users/Jake/Desktop/projects/saywhat-api/server/middleware/auth/index.js","statementMap":{"0":{"start":{"line":1,"column":18},"end":{"line":1,"column":36}},"1":{"start":{"line":2,"column":13},"end":{"line":2,"column":30}},"2":{"start":{"line":4,"column":0},"end":{"line":7,"column":1}}},"fnMap":{},"branchMap":{},"s":{"0":11,"1":11,"2":11},"f":{},"b":{},"_coverageSchema":"1a1c01bbd47fc00a2c39e90264f33305004495a9","hash":"69a595088dda70575eccf0c10077ac92e79c6a9a"}
,"/Users/Jake/Desktop/projects/saywhat-api/server/middleware/check-for-db/index.js": {"path":"/Users/Jake/Desktop/projects/saywhat-api/server/middleware/check-for-db/index.js","statementMap":{"0":{"start":{"line":1,"column":25},"end":{"line":1,"column":50}},"1":{"start":{"line":4,"column":16},"end":{"line":4,"column":39}},"2":{"start":{"line":5,"column":25},"end":{"line":5,"column":58}},"3":{"start":{"line":6,"column":27},"end":{"line":6,"column":87}},"4":{"start":{"line":7,"column":2},"end":{"line":9,"column":3}},"5":{"start":{"line":8,"column":4},"end":{"line":8,"column":75}},"6":{"start":{"line":10,"column":2},"end":{"line":10,"column":7}},"7":{"start":{"line":13,"column":0},"end":{"line":15,"column":1}}},"fnMap":{"0":{"name":"checkForDbConnection","decl":{"start":{"line":3,"column":9},"end":{"line":3,"column":29}},"loc":{"start":{"line":3,"column":42},"end":{"line":11,"column":1}},"line":3}},"branchMap":{"0":{"loc":{"start":{"line":7,"column":2},"end":{"line":9,"column":3}},"type":"if","locations":[{"start":{"line":7,"column":2},"end":{"line":9,"column":3}},{"start":{},"end":{}}],"line":7},"1":{"loc":{"start":{"line":7,"column":6},"end":{"line":7,"column":49}},"type":"binary-expr","locations":[{"start":{"line":7,"column":6},"end":{"line":7,"column":11}},{"start":{"line":7,"column":15},"end":{"line":7,"column":29}},{"start":{"line":7,"column":33},"end":{"line":7,"column":49}}],"line":7}},"s":{"0":11,"1":24,"2":24,"3":24,"4":24,"5":1,"6":23,"7":11},"f":{"0":24},"b":{"0":[1,23],"1":[24,19,18]},"_coverageSchema":"1a1c01bbd47fc00a2c39e90264f33305004495a9","hash":"cb8222a750a0c729560cc192a65d33270704095a"}
,"/Users/Jake/Desktop/projects/saywhat-api/server/models/index.js": {"path":"/Users/Jake/Desktop/projects/saywhat-api/server/models/index.js","statementMap":{"0":{"start":{"line":1,"column":15},"end":{"line":1,"column":30}},"1":{"start":{"line":2,"column":17},"end":{"line":2,"column":34}},"2":{"start":{"line":3,"column":21},"end":{"line":3,"column":42}},"3":{"start":{"line":5,"column":0},"end":{"line":9,"column":1}}},"fnMap":{},"branchMap":{},"s":{"0":13,"1":13,"2":13,"3":13},"f":{},"b":{},"_coverageSchema":"1a1c01bbd47fc00a2c39e90264f33305004495a9","hash":"07247913c9a5cf0633d126d0077593aa74910df0"}
,"/Users/Jake/Desktop/projects/saywhat-api/server/models/crud/index.js": {"path":"/Users/Jake/Desktop/projects/saywhat-api/server/models/crud/index.js","statementMap":{"0":{"start":{"line":1,"column":15},"end":{"line":1,"column":31}},"1":{"start":{"line":5,"column":4},"end":{"line":5,"column":17}},"2":{"start":{"line":6,"column":4},"end":{"line":6,"column":23}},"3":{"start":{"line":7,"column":4},"end":{"line":7,"column":43}},"4":{"start":{"line":8,"column":4},"end":{"line":8,"column":59}},"5":{"start":{"line":13,"column":4},"end":{"line":13,"column":46}},"6":{"start":{"line":22,"column":4},"end":{"line":27,"column":5}},"7":{"start":{"line":23,"column":6},"end":{"line":23,"column":50}},"8":{"start":{"line":25,"column":6},"end":{"line":25,"column":60}},"9":{"start":{"line":26,"column":6},"end":{"line":26,"column":25}},"10":{"start":{"line":31,"column":4},"end":{"line":36,"column":5}},"11":{"start":{"line":32,"column":6},"end":{"line":32,"column":84}},"12":{"start":{"line":34,"column":6},"end":{"line":34,"column":58}},"13":{"start":{"line":35,"column":6},"end":{"line":35,"column":25}},"14":{"start":{"line":40,"column":4},"end":{"line":46,"column":5}},"15":{"start":{"line":41,"column":27},"end":{"line":41,"column":94}},"16":{"start":{"line":42,"column":6},"end":{"line":42,"column":43}},"17":{"start":{"line":44,"column":6},"end":{"line":44,"column":59}},"18":{"start":{"line":45,"column":6},"end":{"line":45,"column":25}},"19":{"start":{"line":50,"column":4},"end":{"line":54,"column":5}},"20":{"start":{"line":51,"column":6},"end":{"line":53,"column":8}},"21":{"start":{"line":55,"column":4},"end":{"line":60,"column":5}},"22":{"start":{"line":56,"column":6},"end":{"line":56,"column":65}},"23":{"start":{"line":58,"column":6},"end":{"line":58,"column":60}},"24":{"start":{"line":59,"column":6},"end":{"line":59,"column":25}},"25":{"start":{"line":64,"column":4},"end":{"line":66,"column":5}},"26":{"start":{"line":65,"column":6},"end":{"line":65,"column":94}},"27":{"start":{"line":67,"column":4},"end":{"line":69,"column":5}},"28":{"start":{"line":68,"column":6},"end":{"line":68,"column":87}},"29":{"start":{"line":70,"column":4},"end":{"line":75,"column":5}},"30":{"start":{"line":71,"column":6},"end":{"line":71,"column":68}},"31":{"start":{"line":73,"column":6},"end":{"line":73,"column":60}},"32":{"start":{"line":74,"column":6},"end":{"line":74,"column":25}},"33":{"start":{"line":79,"column":4},"end":{"line":84,"column":5}},"34":{"start":{"line":80,"column":6},"end":{"line":80,"column":42}},"35":{"start":{"line":82,"column":6},"end":{"line":82,"column":55}},"36":{"start":{"line":83,"column":6},"end":{"line":83,"column":25}},"37":{"start":{"line":88,"column":0},"end":{"line":90,"column":1}}},"fnMap":{"0":{"name":"(anonymous_0)","decl":{"start":{"line":4,"column":2},"end":{"line":4,"column":3}},"loc":{"start":{"line":4,"column":21},"end":{"line":9,"column":3}},"line":4},"1":{"name":"(anonymous_1)","decl":{"start":{"line":12,"column":2},"end":{"line":12,"column":3}},"loc":{"start":{"line":12,"column":11},"end":{"line":14,"column":3}},"line":12},"2":{"name":"(anonymous_2)","decl":{"start":{"line":21,"column":2},"end":{"line":21,"column":3}},"loc":{"start":{"line":21,"column":23},"end":{"line":28,"column":3}},"line":21},"3":{"name":"(anonymous_3)","decl":{"start":{"line":30,"column":2},"end":{"line":30,"column":3}},"loc":{"start":{"line":30,"column":46},"end":{"line":37,"column":3}},"line":30},"4":{"name":"(anonymous_4)","decl":{"start":{"line":39,"column":2},"end":{"line":39,"column":3}},"loc":{"start":{"line":39,"column":52},"end":{"line":47,"column":3}},"line":39},"5":{"name":"(anonymous_5)","decl":{"start":{"line":49,"column":2},"end":{"line":49,"column":3}},"loc":{"start":{"line":49,"column":38},"end":{"line":61,"column":3}},"line":49},"6":{"name":"(anonymous_6)","decl":{"start":{"line":63,"column":2},"end":{"line":63,"column":3}},"loc":{"start":{"line":63,"column":29},"end":{"line":76,"column":3}},"line":63},"7":{"name":"(anonymous_7)","decl":{"start":{"line":78,"column":2},"end":{"line":78,"column":3}},"loc":{"start":{"line":78,"column":17},"end":{"line":85,"column":3}},"line":78}},"branchMap":{"0":{"loc":{"start":{"line":30,"column":21},"end":{"line":30,"column":44}},"type":"default-arg","locations":[{"start":{"line":30,"column":42},"end":{"line":30,"column":44}}],"line":30},"1":{"loc":{"start":{"line":39,"column":17},"end":{"line":39,"column":25}},"type":"default-arg","locations":[{"start":{"line":39,"column":23},"end":{"line":39,"column":25}}],"line":39},"2":{"loc":{"start":{"line":39,"column":27},"end":{"line":39,"column":50}},"type":"default-arg","locations":[{"start":{"line":39,"column":48},"end":{"line":39,"column":50}}],"line":39},"3":{"loc":{"start":{"line":50,"column":4},"end":{"line":54,"column":5}},"type":"if","locations":[{"start":{"line":50,"column":4},"end":{"line":54,"column":5}},{"start":{},"end":{}}],"line":50},"4":{"loc":{"start":{"line":50,"column":8},"end":{"line":50,"column":30}},"type":"binary-expr","locations":[{"start":{"line":50,"column":8},"end":{"line":50,"column":16}},{"start":{"line":50,"column":20},"end":{"line":50,"column":30}}],"line":50},"5":{"loc":{"start":{"line":64,"column":4},"end":{"line":66,"column":5}},"type":"if","locations":[{"start":{"line":64,"column":4},"end":{"line":66,"column":5}},{"start":{},"end":{}}],"line":64},"6":{"loc":{"start":{"line":67,"column":4},"end":{"line":69,"column":5}},"type":"if","locations":[{"start":{"line":67,"column":4},"end":{"line":69,"column":5}},{"start":{},"end":{}}],"line":67}},"s":{"0":13,"1":7,"2":7,"3":7,"4":7,"5":27,"6":9,"7":9,"8":1,"9":1,"10":12,"11":12,"12":1,"13":1,"14":3,"15":3,"16":2,"17":1,"18":1,"19":8,"20":1,"21":7,"22":7,"23":2,"24":2,"25":18,"26":1,"27":17,"28":1,"29":16,"30":16,"31":1,"32":1,"33":6,"34":6,"35":1,"36":1,"37":13},"f":{"0":7,"1":27,"2":9,"3":12,"4":3,"5":8,"6":18,"7":6},"b":{"0":[6],"1":[3],"2":[3],"3":[1,7],"4":[8,8],"5":[1,17],"6":[1,16]},"_coverageSchema":"1a1c01bbd47fc00a2c39e90264f33305004495a9","hash":"12b7d7824ad677856b34e331a8d9ee0c7744b270"}
,"/Users/Jake/Desktop/projects/saywhat-api/server/models/db/index.js": {"path":"/Users/Jake/Desktop/projects/saywhat-api/server/models/db/index.js","statementMap":{"0":{"start":{"line":1,"column":24},"end":{"line":1,"column":42}},"1":{"start":{"line":2,"column":25},"end":{"line":2,"column":50}},"2":{"start":{"line":5,"column":4},"end":{"line":5,"column":39}},"3":{"start":{"line":6,"column":4},"end":{"line":6,"column":23}},"4":{"start":{"line":7,"column":4},"end":{"line":7,"column":19}},"5":{"start":{"line":23,"column":4},"end":{"line":38,"column":5}},"6":{"start":{"line":25,"column":21},"end":{"line":25,"column":89}},"7":{"start":{"line":26,"column":6},"end":{"line":26,"column":44}},"8":{"start":{"line":27,"column":6},"end":{"line":27,"column":34}},"9":{"start":{"line":30,"column":6},"end":{"line":30,"column":42}},"10":{"start":{"line":31,"column":6},"end":{"line":31,"column":46}},"11":{"start":{"line":32,"column":6},"end":{"line":32,"column":107}},"12":{"start":{"line":34,"column":6},"end":{"line":34,"column":25}},"13":{"start":{"line":36,"column":6},"end":{"line":36,"column":51}},"14":{"start":{"line":37,"column":6},"end":{"line":37,"column":21}},"15":{"start":{"line":42,"column":4},"end":{"line":42,"column":30}},"16":{"start":{"line":43,"column":4},"end":{"line":43,"column":96}},"17":{"start":{"line":54,"column":4},"end":{"line":56,"column":5}},"18":{"start":{"line":55,"column":6},"end":{"line":55,"column":132}},"19":{"start":{"line":57,"column":4},"end":{"line":59,"column":5}},"20":{"start":{"line":58,"column":6},"end":{"line":58,"column":53}},"21":{"start":{"line":61,"column":4},"end":{"line":61,"column":36}},"22":{"start":{"line":62,"column":4},"end":{"line":62,"column":19}},"23":{"start":{"line":66,"column":24},"end":{"line":66,"column":70}},"24":{"start":{"line":67,"column":26},"end":{"line":67,"column":39}},"25":{"start":{"line":68,"column":4},"end":{"line":68,"column":28}},"26":{"start":{"line":69,"column":4},"end":{"line":69,"column":21}},"27":{"start":{"line":73,"column":0},"end":{"line":75,"column":1}}},"fnMap":{"0":{"name":"(anonymous_0)","decl":{"start":{"line":4,"column":2},"end":{"line":4,"column":3}},"loc":{"start":{"line":4,"column":33},"end":{"line":8,"column":3}},"line":4},"1":{"name":"(anonymous_1)","decl":{"start":{"line":22,"column":2},"end":{"line":22,"column":3}},"loc":{"start":{"line":22,"column":18},"end":{"line":39,"column":3}},"line":22},"2":{"name":"(anonymous_2)","decl":{"start":{"line":41,"column":2},"end":{"line":41,"column":3}},"loc":{"start":{"line":41,"column":16},"end":{"line":44,"column":3}},"line":41},"3":{"name":"(anonymous_3)","decl":{"start":{"line":50,"column":2},"end":{"line":50,"column":3}},"loc":{"start":{"line":50,"column":21},"end":{"line":63,"column":3}},"line":50},"4":{"name":"(anonymous_4)","decl":{"start":{"line":65,"column":2},"end":{"line":65,"column":3}},"loc":{"start":{"line":65,"column":23},"end":{"line":70,"column":3}},"line":65}},"branchMap":{"0":{"loc":{"start":{"line":54,"column":4},"end":{"line":56,"column":5}},"type":"if","locations":[{"start":{"line":54,"column":4},"end":{"line":56,"column":5}},{"start":{},"end":{}}],"line":54},"1":{"loc":{"start":{"line":57,"column":4},"end":{"line":59,"column":5}},"type":"if","locations":[{"start":{"line":57,"column":4},"end":{"line":59,"column":5}},{"start":{},"end":{}}],"line":57}},"s":{"0":13,"1":13,"2":26,"3":26,"4":26,"5":21,"6":21,"7":20,"8":20,"9":20,"10":20,"11":20,"12":20,"13":1,"14":1,"15":28,"16":28,"17":10,"18":1,"19":9,"20":1,"21":8,"22":8,"23":1,"24":1,"25":1,"26":1,"27":13},"f":{"0":26,"1":21,"2":28,"3":10,"4":1},"b":{"0":[1,9],"1":[1,8]},"_coverageSchema":"1a1c01bbd47fc00a2c39e90264f33305004495a9","hash":"643b749ab032c1b5787dfe088c16fe277669f6d5"}
,"/Users/Jake/Desktop/projects/saywhat-api/server/models/userAuth/index.js": {"path":"/Users/Jake/Desktop/projects/saywhat-api/server/models/userAuth/index.js","statementMap":{"0":{"start":{"line":1,"column":17},"end":{"line":1,"column":35}},"1":{"start":{"line":2,"column":15},"end":{"line":2,"column":32}},"2":{"start":{"line":5,"column":4},"end":{"line":5,"column":16}},"3":{"start":{"line":6,"column":4},"end":{"line":6,"column":22}},"4":{"start":{"line":7,"column":4},"end":{"line":7,"column":43}},"5":{"start":{"line":8,"column":4},"end":{"line":8,"column":54}},"6":{"start":{"line":9,"column":4},"end":{"line":9,"column":28}},"7":{"start":{"line":13,"column":4},"end":{"line":15,"column":5}},"8":{"start":{"line":14,"column":6},"end":{"line":14,"column":85}},"9":{"start":{"line":16,"column":4},"end":{"line":24,"column":5}},"10":{"start":{"line":17,"column":6},"end":{"line":20,"column":8}},"11":{"start":{"line":22,"column":6},"end":{"line":22,"column":59}},"12":{"start":{"line":23,"column":6},"end":{"line":23,"column":24}},"13":{"start":{"line":29,"column":4},"end":{"line":33,"column":8}},"14":{"start":{"line":37,"column":16},"end":{"line":37,"column":29}},"15":{"start":{"line":38,"column":22},"end":{"line":38,"column":37}},"16":{"start":{"line":39,"column":22},"end":{"line":39,"column":64}},"17":{"start":{"line":40,"column":4},"end":{"line":40,"column":30}},"18":{"start":{"line":44,"column":18},"end":{"line":44,"column":31}},"19":{"start":{"line":45,"column":4},"end":{"line":45,"column":91}},"20":{"start":{"line":56,"column":4},"end":{"line":58,"column":5}},"21":{"start":{"line":57,"column":6},"end":{"line":57,"column":80}},"22":{"start":{"line":60,"column":4},"end":{"line":74,"column":5}},"23":{"start":{"line":61,"column":20},"end":{"line":65,"column":8}},"24":{"start":{"line":67,"column":6},"end":{"line":67,"column":21}},"25":{"start":{"line":70,"column":6},"end":{"line":70,"column":49}},"26":{"start":{"line":71,"column":6},"end":{"line":71,"column":28}},"27":{"start":{"line":72,"column":6},"end":{"line":72,"column":20}},"28":{"start":{"line":73,"column":6},"end":{"line":73,"column":24}},"29":{"start":{"line":78,"column":4},"end":{"line":78,"column":70}},"30":{"start":{"line":90,"column":4},"end":{"line":92,"column":5}},"31":{"start":{"line":91,"column":6},"end":{"line":91,"column":80}},"32":{"start":{"line":94,"column":20},"end":{"line":94,"column":81}},"33":{"start":{"line":96,"column":4},"end":{"line":96,"column":33}},"34":{"start":{"line":96,"column":20},"end":{"line":96,"column":33}},"35":{"start":{"line":99,"column":4},"end":{"line":106,"column":5}},"36":{"start":{"line":103,"column":6},"end":{"line":103,"column":23}},"37":{"start":{"line":105,"column":6},"end":{"line":105,"column":18}},"38":{"start":{"line":115,"column":4},"end":{"line":117,"column":5}},"39":{"start":{"line":116,"column":6},"end":{"line":116,"column":71}},"40":{"start":{"line":125,"column":16},"end":{"line":125,"column":29}},"41":{"start":{"line":126,"column":18},"end":{"line":126,"column":41}},"42":{"start":{"line":129,"column":22},"end":{"line":129,"column":43}},"43":{"start":{"line":130,"column":22},"end":{"line":140,"column":5}},"44":{"start":{"line":142,"column":4},"end":{"line":147,"column":5}},"45":{"start":{"line":143,"column":6},"end":{"line":143,"column":55}},"46":{"start":{"line":145,"column":6},"end":{"line":145,"column":41}},"47":{"start":{"line":146,"column":6},"end":{"line":146,"column":25}},"48":{"start":{"line":151,"column":4},"end":{"line":153,"column":5}},"49":{"start":{"line":152,"column":6},"end":{"line":152,"column":76}},"50":{"start":{"line":155,"column":19},"end":{"line":155,"column":42}},"51":{"start":{"line":156,"column":14},"end":{"line":156,"column":74}},"52":{"start":{"line":157,"column":4},"end":{"line":157,"column":27}},"53":{"start":{"line":170,"column":4},"end":{"line":170,"column":41}},"54":{"start":{"line":175,"column":0},"end":{"line":177,"column":1}}},"fnMap":{"0":{"name":"(anonymous_0)","decl":{"start":{"line":4,"column":2},"end":{"line":4,"column":3}},"loc":{"start":{"line":4,"column":21},"end":{"line":10,"column":3}},"line":4},"1":{"name":"(anonymous_1)","decl":{"start":{"line":12,"column":2},"end":{"line":12,"column":3}},"loc":{"start":{"line":12,"column":23},"end":{"line":25,"column":3}},"line":12},"2":{"name":"(anonymous_2)","decl":{"start":{"line":28,"column":2},"end":{"line":28,"column":3}},"loc":{"start":{"line":28,"column":22},"end":{"line":34,"column":3}},"line":28},"3":{"name":"(anonymous_3)","decl":{"start":{"line":36,"column":2},"end":{"line":36,"column":3}},"loc":{"start":{"line":36,"column":19},"end":{"line":41,"column":3}},"line":36},"4":{"name":"(anonymous_4)","decl":{"start":{"line":43,"column":2},"end":{"line":43,"column":3}},"loc":{"start":{"line":43,"column":35},"end":{"line":46,"column":3}},"line":43},"5":{"name":"(anonymous_5)","decl":{"start":{"line":55,"column":2},"end":{"line":55,"column":3}},"loc":{"start":{"line":55,"column":33},"end":{"line":75,"column":3}},"line":55},"6":{"name":"(anonymous_6)","decl":{"start":{"line":77,"column":2},"end":{"line":77,"column":3}},"loc":{"start":{"line":77,"column":15},"end":{"line":79,"column":3}},"line":77},"7":{"name":"(anonymous_7)","decl":{"start":{"line":89,"column":2},"end":{"line":89,"column":3}},"loc":{"start":{"line":89,"column":33},"end":{"line":107,"column":3}},"line":89},"8":{"name":"(anonymous_8)","decl":{"start":{"line":114,"column":2},"end":{"line":114,"column":3}},"loc":{"start":{"line":114,"column":22},"end":{"line":148,"column":3}},"line":114},"9":{"name":"(anonymous_9)","decl":{"start":{"line":150,"column":2},"end":{"line":150,"column":3}},"loc":{"start":{"line":150,"column":27},"end":{"line":158,"column":3}},"line":150},"10":{"name":"(anonymous_10)","decl":{"start":{"line":169,"column":2},"end":{"line":169,"column":3}},"loc":{"start":{"line":169,"column":19},"end":{"line":171,"column":3}},"line":169}},"branchMap":{"0":{"loc":{"start":{"line":13,"column":4},"end":{"line":15,"column":5}},"type":"if","locations":[{"start":{"line":13,"column":4},"end":{"line":15,"column":5}},{"start":{},"end":{}}],"line":13},"1":{"loc":{"start":{"line":56,"column":4},"end":{"line":58,"column":5}},"type":"if","locations":[{"start":{"line":56,"column":4},"end":{"line":58,"column":5}},{"start":{},"end":{}}],"line":56},"2":{"loc":{"start":{"line":90,"column":4},"end":{"line":92,"column":5}},"type":"if","locations":[{"start":{"line":90,"column":4},"end":{"line":92,"column":5}},{"start":{},"end":{}}],"line":90},"3":{"loc":{"start":{"line":96,"column":4},"end":{"line":96,"column":33}},"type":"if","locations":[{"start":{"line":96,"column":4},"end":{"line":96,"column":33}},{"start":{},"end":{}}],"line":96},"4":{"loc":{"start":{"line":99,"column":4},"end":{"line":106,"column":5}},"type":"if","locations":[{"start":{"line":99,"column":4},"end":{"line":106,"column":5}},{"start":{"line":104,"column":11},"end":{"line":106,"column":5}}],"line":99},"5":{"loc":{"start":{"line":100,"column":6},"end":{"line":101,"column":62}},"type":"binary-expr","locations":[{"start":{"line":100,"column":6},"end":{"line":100,"column":37}},{"start":{"line":101,"column":6},"end":{"line":101,"column":62}}],"line":100},"6":{"loc":{"start":{"line":115,"column":4},"end":{"line":117,"column":5}},"type":"if","locations":[{"start":{"line":115,"column":4},"end":{"line":117,"column":5}},{"start":{},"end":{}}],"line":115},"7":{"loc":{"start":{"line":115,"column":8},"end":{"line":115,"column":35}},"type":"binary-expr","locations":[{"start":{"line":115,"column":8},"end":{"line":115,"column":21}},{"start":{"line":115,"column":25},"end":{"line":115,"column":35}}],"line":115},"8":{"loc":{"start":{"line":151,"column":4},"end":{"line":153,"column":5}},"type":"if","locations":[{"start":{"line":151,"column":4},"end":{"line":153,"column":5}},{"start":{},"end":{}}],"line":151},"9":{"loc":{"start":{"line":151,"column":8},"end":{"line":151,"column":35}},"type":"binary-expr","locations":[{"start":{"line":151,"column":8},"end":{"line":151,"column":21}},{"start":{"line":151,"column":25},"end":{"line":151,"column":35}}],"line":151}},"s":{"0":13,"1":13,"2":1,"3":1,"4":1,"5":1,"6":1,"7":9,"8":1,"9":8,"10":8,"11":1,"12":1,"13":33,"14":9,"15":9,"16":9,"17":9,"18":5,"19":5,"20":12,"21":4,"22":8,"23":8,"24":7,"25":1,"26":1,"27":1,"28":1,"29":7,"30":5,"31":1,"32":4,"33":4,"34":1,"35":3,"36":1,"37":2,"38":6,"39":2,"40":4,"41":4,"42":4,"43":4,"44":4,"45":4,"46":1,"47":1,"48":4,"49":2,"50":2,"51":2,"52":2,"53":1,"54":13},"f":{"0":1,"1":9,"2":33,"3":9,"4":5,"5":12,"6":7,"7":5,"8":6,"9":4,"10":1},"b":{"0":[1,8],"1":[4,8],"2":[1,4],"3":[1,3],"4":[1,2],"5":[3,3],"6":[2,4],"7":[6,5],"8":[2,2],"9":[4,3]},"_coverageSchema":"1a1c01bbd47fc00a2c39e90264f33305004495a9","hash":"fb6e1d8cd079ee026a1eba82228a95c1bc0e1c87"}
,"/Users/Jake/Desktop/projects/saywhat-api/server/routes/index.js": {"path":"/Users/Jake/Desktop/projects/saywhat-api/server/routes/index.js","statementMap":{"0":{"start":{"line":2,"column":15},"end":{"line":2,"column":42}},"1":{"start":{"line":10,"column":4},"end":{"line":10,"column":36}},"2":{"start":{"line":11,"column":28},"end":{"line":11,"column":52}},"3":{"start":{"line":12,"column":24},"end":{"line":12,"column":45}},"4":{"start":{"line":13,"column":24},"end":{"line":13,"column":45}},"5":{"start":{"line":14,"column":21},"end":{"line":14,"column":39}},"6":{"start":{"line":16,"column":0},"end":{"line":16,"column":36}},"7":{"start":{"line":17,"column":0},"end":{"line":17,"column":44}},"8":{"start":{"line":18,"column":0},"end":{"line":18,"column":42}},"9":{"start":{"line":19,"column":0},"end":{"line":19,"column":36}},"10":{"start":{"line":38,"column":0},"end":{"line":38,"column":24}}},"fnMap":{},"branchMap":{},"s":{"0":10,"1":10,"2":10,"3":10,"4":10,"5":10,"6":10,"7":10,"8":10,"9":10,"10":10},"f":{},"b":{},"_coverageSchema":"1a1c01bbd47fc00a2c39e90264f33305004495a9","hash":"2fd81ca180001121cf20a6b7ae745088397a0675"}
,"/Users/Jake/Desktop/projects/saywhat-api/server/routes/dbStatus/index.js": {"path":"/Users/Jake/Desktop/projects/saywhat-api/server/routes/dbStatus/index.js","statementMap":{"0":{"start":{"line":1,"column":20},"end":{"line":1,"column":37}},"1":{"start":{"line":2,"column":23},"end":{"line":2,"column":43}},"2":{"start":{"line":3,"column":22},"end":{"line":3,"column":41}},"3":{"start":{"line":4,"column":15},"end":{"line":4,"column":42}},"4":{"start":{"line":13,"column":4},"end":{"line":13,"column":39}},"5":{"start":{"line":15,"column":0},"end":{"line":15,"column":34}},"6":{"start":{"line":16,"column":0},"end":{"line":16,"column":30}},"7":{"start":{"line":17,"column":0},"end":{"line":17,"column":36}},"8":{"start":{"line":18,"column":0},"end":{"line":18,"column":23}}},"fnMap":{},"branchMap":{},"s":{"0":10,"1":10,"2":10,"3":10,"4":10,"5":10,"6":10,"7":10,"8":10},"f":{},"b":{},"_coverageSchema":"1a1c01bbd47fc00a2c39e90264f33305004495a9","hash":"0963fc231fce3738f8811954caf0ff08c5f83def"}
,"/Users/Jake/Desktop/projects/saywhat-api/server/routes/dbStatus/kill.js": {"path":"/Users/Jake/Desktop/projects/saywhat-api/server/routes/dbStatus/kill.js","statementMap":{"0":{"start":{"line":1,"column":28},"end":{"line":1,"column":60}},"1":{"start":{"line":2,"column":21},"end":{"line":2,"column":52}},"2":{"start":{"line":5,"column":2},"end":{"line":5,"column":46}},"3":{"start":{"line":6,"column":2},"end":{"line":6,"column":50}},"4":{"start":{"line":7,"column":2},"end":{"line":7,"column":91}},"5":{"start":{"line":10,"column":0},"end":{"line":10,"column":29}}},"fnMap":{"0":{"name":"killHandler","decl":{"start":{"line":4,"column":15},"end":{"line":4,"column":26}},"loc":{"start":{"line":4,"column":39},"end":{"line":8,"column":1}},"line":4}},"branchMap":{},"s":{"0":10,"1":10,"2":1,"3":1,"4":1,"5":10},"f":{"0":1},"b":{},"_coverageSchema":"1a1c01bbd47fc00a2c39e90264f33305004495a9","hash":"aff15cf4a405acf349e359f71197c54b4ecdbabe"}
,"/Users/Jake/Desktop/projects/saywhat-api/server/routes/dbStatus/restart.js": {"path":"/Users/Jake/Desktop/projects/saywhat-api/server/routes/dbStatus/restart.js","statementMap":{"0":{"start":{"line":1,"column":28},"end":{"line":1,"column":60}},"1":{"start":{"line":2,"column":21},"end":{"line":2,"column":52}},"2":{"start":{"line":4,"column":2},"end":{"line":12,"column":3}},"3":{"start":{"line":5,"column":4},"end":{"line":5,"column":45}},"4":{"start":{"line":6,"column":4},"end":{"line":6,"column":44}},"5":{"start":{"line":7,"column":4},"end":{"line":7,"column":105}},"6":{"start":{"line":9,"column":4},"end":{"line":9,"column":39}},"7":{"start":{"line":10,"column":4},"end":{"line":10,"column":18}},"8":{"start":{"line":11,"column":4},"end":{"line":11,"column":49}},"9":{"start":{"line":15,"column":0},"end":{"line":15,"column":32}}},"fnMap":{"0":{"name":"restartHandler","decl":{"start":{"line":3,"column":15},"end":{"line":3,"column":29}},"loc":{"start":{"line":3,"column":40},"end":{"line":13,"column":1}},"line":3}},"branchMap":{},"s":{"0":10,"1":10,"2":2,"3":2,"4":1,"5":1,"6":1,"7":1,"8":1,"9":10},"f":{"0":2},"b":{},"_coverageSchema":"1a1c01bbd47fc00a2c39e90264f33305004495a9","hash":"19875cc13f7c779422dc11aac21fe16b8502f222"}
,"/Users/Jake/Desktop/projects/saywhat-api/server/routes/dbStatus/status.js": {"path":"/Users/Jake/Desktop/projects/saywhat-api/server/routes/dbStatus/status.js","statementMap":{"0":{"start":{"line":1,"column":21},"end":{"line":1,"column":52}},"1":{"start":{"line":4,"column":2},"end":{"line":4,"column":91}},"2":{"start":{"line":7,"column":0},"end":{"line":7,"column":31}}},"fnMap":{"0":{"name":"statusHandler","decl":{"start":{"line":3,"column":9},"end":{"line":3,"column":22}},"loc":{"start":{"line":3,"column":38},"end":{"line":5,"column":1}},"line":3}},"branchMap":{},"s":{"0":10,"1":1,"2":10},"f":{"0":1},"b":{},"_coverageSchema":"1a1c01bbd47fc00a2c39e90264f33305004495a9","hash":"4f6fbb22f1ad36a23ac21eab14978c886e5261b7"}
,"/Users/Jake/Desktop/projects/saywhat-api/server/routes/healthcheck/index.js": {"path":"/Users/Jake/Desktop/projects/saywhat-api/server/routes/healthcheck/index.js","statementMap":{"0":{"start":{"line":1,"column":13},"end":{"line":1,"column":40}},"1":{"start":{"line":3,"column":0},"end":{"line":5,"column":2}},"2":{"start":{"line":4,"column":2},"end":{"line":4,"column":49}},"3":{"start":{"line":7,"column":0},"end":{"line":7,"column":24}}},"fnMap":{"0":{"name":"(anonymous_0)","decl":{"start":{"line":3,"column":16},"end":{"line":3,"column":17}},"loc":{"start":{"line":3,"column":36},"end":{"line":5,"column":1}},"line":3}},"branchMap":{},"s":{"0":10,"1":10,"2":1,"3":10},"f":{"0":1},"b":{},"_coverageSchema":"1a1c01bbd47fc00a2c39e90264f33305004495a9","hash":"742c67976d90d1a18f6249e3aa109b680328064a"}
,"/Users/Jake/Desktop/projects/saywhat-api/server/routes/speeches/index.js": {"path":"/Users/Jake/Desktop/projects/saywhat-api/server/routes/speeches/index.js","statementMap":{"0":{"start":{"line":1,"column":15},"end":{"line":1,"column":61}},"1":{"start":{"line":6,"column":4},"end":{"line":6,"column":39}},"2":{"start":{"line":7,"column":19},"end":{"line":7,"column":36}},"3":{"start":{"line":8,"column":19},"end":{"line":8,"column":36}},"4":{"start":{"line":11,"column":0},"end":{"line":11,"column":36}},"5":{"start":{"line":12,"column":0},"end":{"line":12,"column":28}},"6":{"start":{"line":14,"column":0},"end":{"line":14,"column":24}}},"fnMap":{},"branchMap":{},"s":{"0":10,"1":10,"2":10,"3":10,"4":10,"5":10,"6":10},"f":{},"b":{},"_coverageSchema":"1a1c01bbd47fc00a2c39e90264f33305004495a9","hash":"b4fdb2c082f8b2cbcd9cc579e3620f20490fc292"}
,"/Users/Jake/Desktop/projects/saywhat-api/server/routes/speeches/byId/index.js": {"path":"/Users/Jake/Desktop/projects/saywhat-api/server/routes/speeches/byId/index.js","statementMap":{"0":{"start":{"line":1,"column":15},"end":{"line":1,"column":61}},"1":{"start":{"line":3,"column":16},"end":{"line":3,"column":32}},"2":{"start":{"line":6,"column":0},"end":{"line":6,"column":24}},"3":{"start":{"line":8,"column":0},"end":{"line":8,"column":24}}},"fnMap":{},"branchMap":{},"s":{"0":10,"1":10,"2":10,"3":10},"f":{},"b":{},"_coverageSchema":"1a1c01bbd47fc00a2c39e90264f33305004495a9","hash":"22b0a22a2f73e6f3849150a50c4090e1e79aafc7"}
,"/Users/Jake/Desktop/projects/saywhat-api/server/routes/speeches/byId/get/index.js": {"path":"/Users/Jake/Desktop/projects/saywhat-api/server/routes/speeches/byId/get/index.js","statementMap":{"0":{"start":{"line":1,"column":42},"end":{"line":1,"column":73}},"1":{"start":{"line":2,"column":12},"end":{"line":2,"column":39}},"2":{"start":{"line":4,"column":2},"end":{"line":14,"column":3}},"3":{"start":{"line":6,"column":25},"end":{"line":6,"column":35}},"4":{"start":{"line":7,"column":18},"end":{"line":7,"column":76}},"5":{"start":{"line":8,"column":4},"end":{"line":8,"column":21}},"6":{"start":{"line":9,"column":4},"end":{"line":9,"column":39}},"7":{"start":{"line":11,"column":4},"end":{"line":11,"column":32}},"8":{"start":{"line":12,"column":4},"end":{"line":12,"column":19}},"9":{"start":{"line":13,"column":4},"end":{"line":13,"column":60}},"10":{"start":{"line":17,"column":0},"end":{"line":17,"column":25}}},"fnMap":{"0":{"name":"getById","decl":{"start":{"line":3,"column":15},"end":{"line":3,"column":22}},"loc":{"start":{"line":3,"column":39},"end":{"line":15,"column":1}},"line":3}},"branchMap":{},"s":{"0":10,"1":10,"2":2,"3":2,"4":2,"5":1,"6":1,"7":1,"8":1,"9":1,"10":10},"f":{"0":2},"b":{},"_coverageSchema":"1a1c01bbd47fc00a2c39e90264f33305004495a9","hash":"20a9a1f208b589c905ed08e736586cdd06bdd989"}
,"/Users/Jake/Desktop/projects/saywhat-api/server/routes/speeches/root/index.js": {"path":"/Users/Jake/Desktop/projects/saywhat-api/server/routes/speeches/root/index.js","statementMap":{"0":{"start":{"line":1,"column":15},"end":{"line":1,"column":42}},"1":{"start":{"line":2,"column":20},"end":{"line":2,"column":36}},"2":{"start":{"line":3,"column":20},"end":{"line":3,"column":37}},"3":{"start":{"line":4,"column":25},"end":{"line":4,"column":57}},"4":{"start":{"line":7,"column":0},"end":{"line":7,"column":28}},"5":{"start":{"line":8,"column":0},"end":{"line":8,"column":80}},"6":{"start":{"line":10,"column":0},"end":{"line":10,"column":24}}},"fnMap":{},"branchMap":{},"s":{"0":10,"1":10,"2":10,"3":10,"4":10,"5":10,"6":10},"f":{},"b":{},"_coverageSchema":"1a1c01bbd47fc00a2c39e90264f33305004495a9","hash":"b653462dfd5f83558d1b7c2a0c3110ab0a808f5c"}
,"/Users/Jake/Desktop/projects/saywhat-api/server/routes/speeches/root/get/index.js": {"path":"/Users/Jake/Desktop/projects/saywhat-api/server/routes/speeches/root/get/index.js","statementMap":{"0":{"start":{"line":1,"column":25},"end":{"line":1,"column":56}},"1":{"start":{"line":4,"column":2},"end":{"line":11,"column":3}},"2":{"start":{"line":5,"column":18},"end":{"line":5,"column":68}},"3":{"start":{"line":6,"column":4},"end":{"line":6,"column":38}},"4":{"start":{"line":8,"column":4},"end":{"line":8,"column":37}},"5":{"start":{"line":9,"column":4},"end":{"line":9,"column":22}},"6":{"start":{"line":10,"column":4},"end":{"line":10,"column":65}},"7":{"start":{"line":14,"column":0},"end":{"line":14,"column":29}}},"fnMap":{"0":{"name":"getSpeeches","decl":{"start":{"line":3,"column":15},"end":{"line":3,"column":26}},"loc":{"start":{"line":3,"column":43},"end":{"line":12,"column":1}},"line":3}},"branchMap":{},"s":{"0":10,"1":2,"2":2,"3":1,"4":1,"5":1,"6":1,"7":10},"f":{"0":2},"b":{},"_coverageSchema":"1a1c01bbd47fc00a2c39e90264f33305004495a9","hash":"aa7ec0425f400046746498ea3f358c9cbd7ba947"}
,"/Users/Jake/Desktop/projects/saywhat-api/server/routes/speeches/root/post/index.js": {"path":"/Users/Jake/Desktop/projects/saywhat-api/server/routes/speeches/root/post/index.js","statementMap":{"0":{"start":{"line":1,"column":42},"end":{"line":1,"column":73}},"1":{"start":{"line":4,"column":2},"end":{"line":22,"column":3}},"2":{"start":{"line":5,"column":35},"end":{"line":5,"column":43}},"3":{"start":{"line":6,"column":4},"end":{"line":6,"column":40}},"4":{"start":{"line":8,"column":4},"end":{"line":8,"column":39}},"5":{"start":{"line":9,"column":4},"end":{"line":9,"column":37}},"6":{"start":{"line":11,"column":16},"end":{"line":13,"column":6}},"7":{"start":{"line":14,"column":4},"end":{"line":14,"column":24}},"8":{"start":{"line":15,"column":4},"end":{"line":15,"column":22}},"9":{"start":{"line":17,"column":4},"end":{"line":17,"column":42}},"10":{"start":{"line":19,"column":4},"end":{"line":19,"column":38}},"11":{"start":{"line":20,"column":4},"end":{"line":20,"column":26}},"12":{"start":{"line":21,"column":4},"end":{"line":21,"column":57}},"13":{"start":{"line":25,"column":0},"end":{"line":25,"column":29}}},"fnMap":{"0":{"name":"postASpeech","decl":{"start":{"line":3,"column":15},"end":{"line":3,"column":26}},"loc":{"start":{"line":3,"column":43},"end":{"line":23,"column":1}},"line":3}},"branchMap":{},"s":{"0":10,"1":2,"2":2,"3":2,"4":2,"5":2,"6":2,"7":1,"8":1,"9":1,"10":1,"11":1,"12":1,"13":10},"f":{"0":2},"b":{},"_coverageSchema":"1a1c01bbd47fc00a2c39e90264f33305004495a9","hash":"6732d62ad53cef571c8342e7eb4feceb98f8abe8"}
,"/Users/Jake/Desktop/projects/saywhat-api/server/routes/users/index.js": {"path":"/Users/Jake/Desktop/projects/saywhat-api/server/routes/users/index.js","statementMap":{"0":{"start":{"line":4,"column":15},"end":{"line":4,"column":63}},"1":{"start":{"line":9,"column":4},"end":{"line":9,"column":39}},"2":{"start":{"line":10,"column":19},"end":{"line":10,"column":36}},"3":{"start":{"line":11,"column":19},"end":{"line":11,"column":36}},"4":{"start":{"line":17,"column":0},"end":{"line":17,"column":35}},"5":{"start":{"line":18,"column":0},"end":{"line":18,"column":28}},"6":{"start":{"line":20,"column":0},"end":{"line":20,"column":24}}},"fnMap":{},"branchMap":{},"s":{"0":10,"1":10,"2":10,"3":10,"4":10,"5":10,"6":10},"f":{},"b":{},"_coverageSchema":"1a1c01bbd47fc00a2c39e90264f33305004495a9","hash":"dd25aaecaf8aa91f0e05dcf24f5ab3e284632fbf"}
,"/Users/Jake/Desktop/projects/saywhat-api/server/routes/users/byId/index.js": {"path":"/Users/Jake/Desktop/projects/saywhat-api/server/routes/users/byId/index.js","statementMap":{"0":{"start":{"line":1,"column":15},"end":{"line":1,"column":63}},"1":{"start":{"line":2,"column":19},"end":{"line":2,"column":35}},"2":{"start":{"line":3,"column":21},"end":{"line":3,"column":39}},"3":{"start":{"line":5,"column":0},"end":{"line":5,"column":27}},"4":{"start":{"line":6,"column":0},"end":{"line":6,"column":31}},"5":{"start":{"line":8,"column":0},"end":{"line":8,"column":24}}},"fnMap":{},"branchMap":{},"s":{"0":10,"1":10,"2":10,"3":10,"4":10,"5":10},"f":{},"b":{},"_coverageSchema":"1a1c01bbd47fc00a2c39e90264f33305004495a9","hash":"ce2206633a7c12ada5c876808dbd5690d2352ee5"}
,"/Users/Jake/Desktop/projects/saywhat-api/server/routes/users/byId/get/index.js": {"path":"/Users/Jake/Desktop/projects/saywhat-api/server/routes/users/byId/get/index.js","statementMap":{"0":{"start":{"line":2,"column":2},"end":{"line":2,"column":62}},"1":{"start":{"line":5,"column":0},"end":{"line":5,"column":25}}},"fnMap":{"0":{"name":"getById","decl":{"start":{"line":1,"column":9},"end":{"line":1,"column":16}},"loc":{"start":{"line":1,"column":33},"end":{"line":3,"column":1}},"line":1}},"branchMap":{},"s":{"0":3,"1":10},"f":{"0":3},"b":{},"_coverageSchema":"1a1c01bbd47fc00a2c39e90264f33305004495a9","hash":"b5f6a43cdb429dcf67b50825d631d94465618e1a"}
,"/Users/Jake/Desktop/projects/saywhat-api/server/routes/users/byId/patch/index.js": {"path":"/Users/Jake/Desktop/projects/saywhat-api/server/routes/users/byId/patch/index.js","statementMap":{"0":{"start":{"line":2,"column":2},"end":{"line":2,"column":48}},"1":{"start":{"line":5,"column":0},"end":{"line":5,"column":27}}},"fnMap":{"0":{"name":"postUsers","decl":{"start":{"line":1,"column":9},"end":{"line":1,"column":18}},"loc":{"start":{"line":1,"column":35},"end":{"line":3,"column":1}},"line":1}},"branchMap":{},"s":{"0":1,"1":11},"f":{"0":1},"b":{},"_coverageSchema":"1a1c01bbd47fc00a2c39e90264f33305004495a9","hash":"bd46ce8c5b9a47c8d993aed2091ddf78a0b418be"}
,"/Users/Jake/Desktop/projects/saywhat-api/server/routes/users/root/index.js": {"path":"/Users/Jake/Desktop/projects/saywhat-api/server/routes/users/root/index.js","statementMap":{"0":{"start":{"line":1,"column":15},"end":{"line":1,"column":63}},"1":{"start":{"line":2,"column":17},"end":{"line":2,"column":33}},"2":{"start":{"line":3,"column":18},"end":{"line":3,"column":35}},"3":{"start":{"line":4,"column":25},"end":{"line":4,"column":57}},"4":{"start":{"line":5,"column":0},"end":{"line":5,"column":25}},"5":{"start":{"line":6,"column":0},"end":{"line":6,"column":69}},"6":{"start":{"line":8,"column":0},"end":{"line":8,"column":24}}},"fnMap":{},"branchMap":{},"s":{"0":10,"1":10,"2":10,"3":10,"4":10,"5":10,"6":10},"f":{},"b":{},"_coverageSchema":"1a1c01bbd47fc00a2c39e90264f33305004495a9","hash":"d6a16aab60dc1415e904904e0a27ae2301656e95"}
,"/Users/Jake/Desktop/projects/saywhat-api/server/routes/users/root/get/index.js": {"path":"/Users/Jake/Desktop/projects/saywhat-api/server/routes/users/root/get/index.js","statementMap":{"0":{"start":{"line":2,"column":2},"end":{"line":2,"column":42}},"1":{"start":{"line":5,"column":0},"end":{"line":5,"column":26}}},"fnMap":{"0":{"name":"getUsers","decl":{"start":{"line":1,"column":9},"end":{"line":1,"column":17}},"loc":{"start":{"line":1,"column":34},"end":{"line":3,"column":1}},"line":1}},"branchMap":{},"s":{"0":1,"1":11},"f":{"0":1},"b":{},"_coverageSchema":"1a1c01bbd47fc00a2c39e90264f33305004495a9","hash":"3c2639ae2448b7680bab2ed536ab2f44ede264c8"}
,"/Users/Jake/Desktop/projects/saywhat-api/server/routes/users/root/post/index.js": {"path":"/Users/Jake/Desktop/projects/saywhat-api/server/routes/users/root/post/index.js","statementMap":{"0":{"start":{"line":8,"column":5},"end":{"line":8,"column":36}},"1":{"start":{"line":11,"column":2},"end":{"line":22,"column":3}},"2":{"start":{"line":14,"column":8},"end":{"line":14,"column":11}},"3":{"start":{"line":15,"column":20},"end":{"line":15,"column":31}},"4":{"start":{"line":16,"column":22},"end":{"line":16,"column":61}},"5":{"start":{"line":17,"column":4},"end":{"line":17,"column":48}},"6":{"start":{"line":19,"column":4},"end":{"line":19,"column":35}},"7":{"start":{"line":20,"column":4},"end":{"line":20,"column":26}},"8":{"start":{"line":21,"column":4},"end":{"line":21,"column":52}},"9":{"start":{"line":25,"column":0},"end":{"line":25,"column":27}}},"fnMap":{"0":{"name":"postUsers","decl":{"start":{"line":10,"column":15},"end":{"line":10,"column":24}},"loc":{"start":{"line":10,"column":41},"end":{"line":23,"column":1}},"line":10}},"branchMap":{},"s":{"0":10,"1":2,"2":2,"3":2,"4":2,"5":1,"6":1,"7":1,"8":1,"9":10},"f":{"0":2},"b":{},"_coverageSchema":"1a1c01bbd47fc00a2c39e90264f33305004495a9","hash":"911743eb7e6a159b342a1be1ad29ddf94ea70b5d"}
,"/Users/Jake/Desktop/projects/saywhat-api/server/server-setup/express.js": {"path":"/Users/Jake/Desktop/projects/saywhat-api/server/server-setup/express.js","statementMap":{"0":{"start":{"line":6,"column":16},"end":{"line":6,"column":34}},"1":{"start":{"line":7,"column":19},"end":{"line":7,"column":41}},"2":{"start":{"line":8,"column":19},"end":{"line":8,"column":41}},"3":{"start":{"line":9,"column":42},"end":{"line":9,"column":64}},"4":{"start":{"line":10,"column":33},"end":{"line":10,"column":59}},"5":{"start":{"line":11,"column":19},"end":{"line":11,"column":32}},"6":{"start":{"line":21,"column":15},"end":{"line":21,"column":31}},"7":{"start":{"line":22,"column":19},"end":{"line":22,"column":28}},"8":{"start":{"line":23,"column":0},"end":{"line":23,"column":43}},"9":{"start":{"line":35,"column":0},"end":{"line":35,"column":58}},"10":{"start":{"line":38,"column":0},"end":{"line":38,"column":33}},"11":{"start":{"line":39,"column":0},"end":{"line":39,"column":36}},"12":{"start":{"line":50,"column":0},"end":{"line":50,"column":31}},"13":{"start":{"line":51,"column":0},"end":{"line":51,"column":31}}},"fnMap":{},"branchMap":{},"s":{"0":10,"1":10,"2":10,"3":10,"4":10,"5":10,"6":10,"7":10,"8":10,"9":10,"10":10,"11":10,"12":10,"13":10},"f":{},"b":{},"_coverageSchema":"1a1c01bbd47fc00a2c39e90264f33305004495a9","hash":"62fd140984010f1ad91bc7283fde615988397914"}
,"/Users/Jake/Desktop/projects/saywhat-api/server/server-setup/index.js": {"path":"/Users/Jake/Desktop/projects/saywhat-api/server/server-setup/index.js","statementMap":{"0":{"start":{"line":1,"column":23},"end":{"line":1,"column":43}},"1":{"start":{"line":7,"column":4},"end":{"line":7,"column":26}},"2":{"start":{"line":9,"column":2},"end":{"line":15,"column":3}}},"fnMap":{},"branchMap":{},"s":{"0":10,"1":10,"2":10},"f":{},"b":{},"_coverageSchema":"1a1c01bbd47fc00a2c39e90264f33305004495a9","hash":"0b1c667bdb8148c1c7d8e7b908a9bc8d75565213"}
,"/Users/Jake/Desktop/projects/saywhat-api/server/server-setup/setup-fns.js": {"path":"/Users/Jake/Desktop/projects/saywhat-api/server/server-setup/setup-fns.js","statementMap":{"0":{"start":{"line":1,"column":24},"end":{"line":1,"column":47}},"1":{"start":{"line":2,"column":15},"end":{"line":2,"column":37}},"2":{"start":{"line":3,"column":25},"end":{"line":3,"column":47}},"3":{"start":{"line":5,"column":13},"end":{"line":5,"column":37}},"4":{"start":{"line":6,"column":0},"end":{"line":6,"column":39}},"5":{"start":{"line":7,"column":0},"end":{"line":10,"column":2}},"6":{"start":{"line":13,"column":2},"end":{"line":15,"column":3}},"7":{"start":{"line":14,"column":4},"end":{"line":14,"column":26}},"8":{"start":{"line":18,"column":2},"end":{"line":18,"column":31}},"9":{"start":{"line":19,"column":2},"end":{"line":19,"column":84}},"10":{"start":{"line":23,"column":2},"end":{"line":25,"column":4}},"11":{"start":{"line":24,"column":4},"end":{"line":24,"column":20}},"12":{"start":{"line":27,"column":2},"end":{"line":29,"column":4}},"13":{"start":{"line":28,"column":4},"end":{"line":28,"column":59}},"14":{"start":{"line":39,"column":2},"end":{"line":52,"column":3}},"15":{"start":{"line":41,"column":24},"end":{"line":46,"column":6}},"16":{"start":{"line":47,"column":4},"end":{"line":47,"column":31}},"17":{"start":{"line":48,"column":4},"end":{"line":48,"column":23}},"18":{"start":{"line":50,"column":4},"end":{"line":50,"column":36}},"19":{"start":{"line":51,"column":4},"end":{"line":51,"column":19}},"20":{"start":{"line":55,"column":0},"end":{"line":60,"column":1}}},"fnMap":{"0":{"name":"logIfTrue","decl":{"start":{"line":12,"column":9},"end":{"line":12,"column":18}},"loc":{"start":{"line":12,"column":34},"end":{"line":16,"column":1}},"line":12},"1":{"name":"stopServer","decl":{"start":{"line":17,"column":15},"end":{"line":17,"column":25}},"loc":{"start":{"line":17,"column":31},"end":{"line":20,"column":1}},"line":17},"2":{"name":"startServer","decl":{"start":{"line":22,"column":15},"end":{"line":22,"column":26}},"loc":{"start":{"line":22,"column":32},"end":{"line":30,"column":1}},"line":22},"3":{"name":"(anonymous_3)","decl":{"start":{"line":23,"column":24},"end":{"line":23,"column":25}},"loc":{"start":{"line":23,"column":30},"end":{"line":25,"column":3}},"line":23},"4":{"name":"(anonymous_4)","decl":{"start":{"line":27,"column":27},"end":{"line":27,"column":28}},"loc":{"start":{"line":27,"column":33},"end":{"line":29,"column":3}},"line":27},"5":{"name":"setupDB","decl":{"start":{"line":38,"column":15},"end":{"line":38,"column":22}},"loc":{"start":{"line":38,"column":31},"end":{"line":53,"column":1}},"line":38}},"branchMap":{"0":{"loc":{"start":{"line":5,"column":13},"end":{"line":5,"column":37}},"type":"binary-expr","locations":[{"start":{"line":5,"column":13},"end":{"line":5,"column":29}},{"start":{"line":5,"column":33},"end":{"line":5,"column":37}}],"line":5},"1":{"loc":{"start":{"line":13,"column":2},"end":{"line":15,"column":3}},"type":"if","locations":[{"start":{"line":13,"column":2},"end":{"line":15,"column":3}},{"start":{},"end":{}}],"line":13}},"s":{"0":11,"1":11,"2":11,"3":11,"4":11,"5":11,"6":21,"7":1,"8":20,"9":20,"10":14,"11":0,"12":14,"13":13,"14":14,"15":14,"16":14,"17":14,"18":0,"19":0,"20":11},"f":{"0":21,"1":20,"2":14,"3":0,"4":13,"5":14},"b":{"0":[11,11],"1":[1,20]},"_coverageSchema":"1a1c01bbd47fc00a2c39e90264f33305004495a9","hash":"af5745b04090554e6d0b8e7da6ac3ea3cb6da76c"}
}
