TN:
SF:database/index.js
FN:5,makeConnectionString
FNF:1
FNH:1
FNDA:28,makeConnectionString
DA:1,11
DA:2,11
DA:3,11
DA:13,28
DA:15,3
DA:17,3
DA:19,25
DA:25,3
DA:26,3
DA:30,22
DA:31,21
DA:35,1
DA:38,11
LF:13
LH:13
BRDA:13,0,0,3
BRDA:13,0,1,25
BRDA:13,1,0,28
BRDA:13,1,1,27
BRDA:19,2,0,3
BRDA:19,2,1,22
BRDA:20,3,0,25
BRDA:20,3,1,4
BRDA:20,3,2,3
BRDA:20,3,3,2
BRDA:30,4,0,21
BRDA:30,4,1,1
BRF:12
BRH:12
end_of_record
TN:
SF:global/constants.js
FNF:0
FNH:0
DA:1,14
DA:29,14
LF:2
LH:2
BRF:0
BRH:0
end_of_record
TN:
SF:global/events.js
FN:9,setConnected
FNF:1
FNH:1
FNDA:4,setConnected
DA:6,15
DA:7,15
DA:10,4
DA:12,15
DA:13,15
DA:14,15
DA:16,15
LF:7
LH:7
BRF:0
BRH:0
end_of_record
TN:
SF:global/index.js
FNF:0
FNH:0
DA:1,14
DA:2,14
DA:3,14
DA:4,14
LF:4
LH:4
BRF:0
BRH:0
end_of_record
TN:
SF:global/state.js
FNF:0
FNH:0
DA:1,15
DA:13,15
LF:2
LH:2
BRF:0
BRH:0
end_of_record
TN:
SF:helpers/index.js
FNF:0
FNH:0
DA:1,13
DA:2,13
LF:2
LH:2
BRF:0
BRH:0
end_of_record
TN:
SF:helpers/twoAreEqual.js
FN:1,twoAreEqual
FNF:1
FNH:1
FNDA:22,twoAreEqual
DA:1,13
DA:2,22
LF:2
LH:2
BRF:0
BRH:0
end_of_record
TN:
SF:lib/expectMissingParams.js
FN:1,expectMissingParams
FNF:1
FNH:1
FNDA:3,expectMissingParams
DA:2,3
DA:3,3
DA:6,1
LF:3
LH:3
BRF:0
BRH:0
end_of_record
TN:
SF:lib/index.js
FNF:0
FNH:0
DA:1,1
DA:3,1
LF:2
LH:2
BRF:0
BRH:0
end_of_record
TN:
SF:middleware/index.js
FNF:0
FNH:0
DA:1,10
DA:2,10
DA:3,10
DA:5,10
LF:4
LH:4
BRF:0
BRH:0
end_of_record
TN:
SF:middleware/assertParams/index.js
FN:22,assertParams
FN:23,(anonymous_1)
FNF:2
FNH:2
FNDA:24,assertParams
FNDA:14,(anonymous_1)
DA:23,24
DA:24,14
DA:25,14
DA:28,14
DA:29,14
DA:30,14
DA:36,14
DA:37,24
DA:38,24
DA:39,8
DA:43,5
DA:45,1
DA:46,1
DA:47,1
DA:49,1
DA:54,11
LF:16
LH:16
BRDA:38,0,0,8
BRDA:38,0,1,15
BRF:2
BRH:2
end_of_record
TN:
SF:middleware/auth/admin.js
FN:1,adminAuth
FNF:1
FNH:1
FNDA:1,adminAuth
DA:2,1
DA:4,1
DA:7,11
LF:3
LH:3
BRF:0
BRH:0
end_of_record
TN:
SF:middleware/auth/auth.js
FN:1,auth
FNF:1
FNH:1
FNDA:1,auth
DA:2,1
DA:3,1
DA:6,11
LF:3
LH:3
BRF:0
BRH:0
end_of_record
TN:
SF:middleware/auth/index.js
FNF:0
FNH:0
DA:1,11
DA:2,11
DA:4,11
LF:3
LH:3
BRF:0
BRH:0
end_of_record
TN:
SF:middleware/check-for-db/index.js
FN:3,checkForDbConnection
FNF:1
FNH:1
FNDA:24,checkForDbConnection
DA:1,11
DA:4,24
DA:5,24
DA:6,24
DA:7,24
DA:8,1
DA:10,23
DA:13,11
LF:8
LH:8
BRDA:7,0,0,1
BRDA:7,0,1,23
BRDA:7,1,0,24
BRDA:7,1,1,19
BRDA:7,1,2,18
BRF:5
BRH:5
end_of_record
TN:
SF:models/index.js
FNF:0
FNH:0
DA:1,13
DA:2,13
DA:3,13
DA:5,13
LF:4
LH:4
BRF:0
BRH:0
end_of_record
TN:
SF:models/crud/index.js
FN:4,(anonymous_0)
FN:12,(anonymous_1)
FN:21,(anonymous_2)
FN:30,(anonymous_3)
FN:39,(anonymous_4)
FN:49,(anonymous_5)
FN:63,(anonymous_6)
FN:78,(anonymous_7)
FNF:8
FNH:8
FNDA:7,(anonymous_0)
FNDA:27,(anonymous_1)
FNDA:9,(anonymous_2)
FNDA:12,(anonymous_3)
FNDA:3,(anonymous_4)
FNDA:8,(anonymous_5)
FNDA:18,(anonymous_6)
FNDA:6,(anonymous_7)
DA:1,13
DA:5,7
DA:6,7
DA:7,7
DA:8,7
DA:13,27
DA:22,9
DA:23,9
DA:25,1
DA:26,1
DA:31,12
DA:32,12
DA:34,1
DA:35,1
DA:40,3
DA:41,3
DA:42,2
DA:44,1
DA:45,1
DA:50,8
DA:51,1
DA:55,7
DA:56,7
DA:58,2
DA:59,2
DA:64,18
DA:65,1
DA:67,17
DA:68,1
DA:70,16
DA:71,16
DA:73,1
DA:74,1
DA:79,6
DA:80,6
DA:82,1
DA:83,1
DA:88,13
LF:38
LH:38
BRDA:30,0,0,6
BRDA:39,1,0,3
BRDA:39,2,0,3
BRDA:50,3,0,1
BRDA:50,3,1,7
BRDA:50,4,0,8
BRDA:50,4,1,8
BRDA:64,5,0,1
BRDA:64,5,1,17
BRDA:67,6,0,1
BRDA:67,6,1,16
BRF:11
BRH:11
end_of_record
TN:
SF:models/db/index.js
FN:4,(anonymous_0)
FN:22,(anonymous_1)
FN:41,(anonymous_2)
FN:50,(anonymous_3)
FN:65,(anonymous_4)
FNF:5
FNH:5
FNDA:26,(anonymous_0)
FNDA:21,(anonymous_1)
FNDA:28,(anonymous_2)
FNDA:10,(anonymous_3)
FNDA:1,(anonymous_4)
DA:1,13
DA:2,13
DA:5,26
DA:6,26
DA:7,26
DA:23,21
DA:25,21
DA:26,20
DA:27,20
DA:30,20
DA:31,20
DA:32,20
DA:34,20
DA:36,1
DA:37,1
DA:42,28
DA:43,28
DA:54,10
DA:55,1
DA:57,9
DA:58,1
DA:61,8
DA:62,8
DA:66,1
DA:67,1
DA:68,1
DA:69,1
DA:73,13
LF:28
LH:28
BRDA:54,0,0,1
BRDA:54,0,1,9
BRDA:57,1,0,1
BRDA:57,1,1,8
BRF:4
BRH:4
end_of_record
TN:
SF:models/userAuth/index.js
FN:4,(anonymous_0)
FN:12,(anonymous_1)
FN:28,(anonymous_2)
FN:36,(anonymous_3)
FN:43,(anonymous_4)
FN:55,(anonymous_5)
FN:77,(anonymous_6)
FN:89,(anonymous_7)
FN:114,(anonymous_8)
FN:150,(anonymous_9)
FN:169,(anonymous_10)
FNF:11
FNH:11
FNDA:1,(anonymous_0)
FNDA:9,(anonymous_1)
FNDA:33,(anonymous_2)
FNDA:9,(anonymous_3)
FNDA:5,(anonymous_4)
FNDA:12,(anonymous_5)
FNDA:7,(anonymous_6)
FNDA:5,(anonymous_7)
FNDA:6,(anonymous_8)
FNDA:4,(anonymous_9)
FNDA:1,(anonymous_10)
DA:1,13
DA:2,13
DA:5,1
DA:6,1
DA:7,1
DA:8,1
DA:9,1
DA:13,9
DA:14,1
DA:16,8
DA:17,8
DA:22,1
DA:23,1
DA:29,33
DA:37,9
DA:38,9
DA:39,9
DA:40,9
DA:44,5
DA:45,5
DA:56,12
DA:57,4
DA:60,8
DA:61,8
DA:67,7
DA:70,1
DA:71,1
DA:72,1
DA:73,1
DA:78,7
DA:90,5
DA:91,1
DA:94,4
DA:96,4
DA:99,3
DA:103,1
DA:105,2
DA:115,6
DA:116,2
DA:125,4
DA:126,4
DA:129,4
DA:130,4
DA:142,4
DA:143,4
DA:145,1
DA:146,1
DA:151,4
DA:152,2
DA:155,2
DA:156,2
DA:157,2
DA:170,1
DA:175,13
LF:54
LH:54
BRDA:13,0,0,1
BRDA:13,0,1,8
BRDA:56,1,0,4
BRDA:56,1,1,8
BRDA:90,2,0,1
BRDA:90,2,1,4
BRDA:96,3,0,1
BRDA:96,3,1,3
BRDA:99,4,0,1
BRDA:99,4,1,2
BRDA:100,5,0,3
BRDA:100,5,1,3
BRDA:115,6,0,2
BRDA:115,6,1,4
BRDA:115,7,0,6
BRDA:115,7,1,5
BRDA:151,8,0,2
BRDA:151,8,1,2
BRDA:151,9,0,4
BRDA:151,9,1,3
BRF:20
BRH:20
end_of_record
TN:
SF:routes/index.js
FNF:0
FNH:0
DA:2,10
DA:10,10
DA:11,10
DA:12,10
DA:13,10
DA:14,10
DA:16,10
DA:17,10
DA:18,10
DA:19,10
DA:38,10
LF:11
LH:11
BRF:0
BRH:0
end_of_record
TN:
SF:routes/dbStatus/index.js
FNF:0
FNH:0
DA:1,10
DA:2,10
DA:3,10
DA:4,10
DA:13,10
DA:15,10
DA:16,10
DA:17,10
DA:18,10
LF:9
LH:9
BRF:0
BRH:0
end_of_record
TN:
SF:routes/dbStatus/kill.js
FN:4,killHandler
FNF:1
FNH:1
FNDA:1,killHandler
DA:1,10
DA:2,10
DA:5,1
DA:6,1
DA:7,1
DA:10,10
LF:6
LH:6
BRF:0
BRH:0
end_of_record
TN:
SF:routes/dbStatus/restart.js
FN:3,restartHandler
FNF:1
FNH:1
FNDA:2,restartHandler
DA:1,10
DA:2,10
DA:4,2
DA:5,2
DA:6,1
DA:7,1
DA:9,1
DA:10,1
DA:11,1
DA:15,10
LF:10
LH:10
BRF:0
BRH:0
end_of_record
TN:
SF:routes/dbStatus/status.js
FN:3,statusHandler
FNF:1
FNH:1
FNDA:1,statusHandler
DA:1,10
DA:4,1
DA:7,10
LF:3
LH:3
BRF:0
BRH:0
end_of_record
TN:
SF:routes/healthcheck/index.js
FN:3,(anonymous_0)
FNF:1
FNH:1
FNDA:1,(anonymous_0)
DA:1,10
DA:3,10
DA:4,1
DA:7,10
LF:4
LH:4
BRF:0
BRH:0
end_of_record
TN:
SF:routes/speeches/index.js
FNF:0
FNH:0
DA:1,10
DA:6,10
DA:7,10
DA:8,10
DA:11,10
DA:12,10
DA:14,10
LF:7
LH:7
BRF:0
BRH:0
end_of_record
TN:
SF:routes/speeches/byId/index.js
FNF:0
FNH:0
DA:1,10
DA:3,10
DA:6,10
DA:8,10
LF:4
LH:4
BRF:0
BRH:0
end_of_record
TN:
SF:routes/speeches/byId/get/index.js
FN:3,getById
FNF:1
FNH:1
FNDA:2,getById
DA:1,10
DA:2,10
DA:4,2
DA:6,2
DA:7,2
DA:8,1
DA:9,1
DA:11,1
DA:12,1
DA:13,1
DA:17,10
LF:11
LH:11
BRF:0
BRH:0
end_of_record
TN:
SF:routes/speeches/root/index.js
FNF:0
FNH:0
DA:1,10
DA:2,10
DA:3,10
DA:4,10
DA:7,10
DA:8,10
DA:10,10
LF:7
LH:7
BRF:0
BRH:0
end_of_record
TN:
SF:routes/speeches/root/get/index.js
FN:3,getSpeeches
FNF:1
FNH:1
FNDA:2,getSpeeches
DA:1,10
DA:4,2
DA:5,2
DA:6,1
DA:8,1
DA:9,1
DA:10,1
DA:14,10
LF:8
LH:8
BRF:0
BRH:0
end_of_record
TN:
SF:routes/speeches/root/post/index.js
FN:3,postASpeech
FNF:1
FNH:1
FNDA:2,postASpeech
DA:1,10
DA:4,2
DA:5,2
DA:6,2
DA:8,2
DA:9,2
DA:11,2
DA:14,1
DA:15,1
DA:17,1
DA:19,1
DA:20,1
DA:21,1
DA:25,10
LF:14
LH:14
BRF:0
BRH:0
end_of_record
TN:
SF:routes/users/index.js
FNF:0
FNH:0
DA:4,10
DA:9,10
DA:10,10
DA:11,10
DA:17,10
DA:18,10
DA:20,10
LF:7
LH:7
BRF:0
BRH:0
end_of_record
TN:
SF:routes/users/byId/index.js
FNF:0
FNH:0
DA:1,10
DA:2,10
DA:3,10
DA:5,10
DA:6,10
DA:8,10
LF:6
LH:6
BRF:0
BRH:0
end_of_record
TN:
SF:routes/users/byId/get/index.js
FN:1,getById
FNF:1
FNH:1
FNDA:3,getById
DA:2,3
DA:5,10
LF:2
LH:2
BRF:0
BRH:0
end_of_record
TN:
SF:routes/users/byId/patch/index.js
FN:1,postUsers
FNF:1
FNH:1
FNDA:1,postUsers
DA:2,1
DA:5,11
LF:2
LH:2
BRF:0
BRH:0
end_of_record
TN:
SF:routes/users/root/index.js
FNF:0
FNH:0
DA:1,10
DA:2,10
DA:3,10
DA:4,10
DA:5,10
DA:6,10
DA:8,10
LF:7
LH:7
BRF:0
BRH:0
end_of_record
TN:
SF:routes/users/root/get/index.js
FN:1,getUsers
FNF:1
FNH:1
FNDA:1,getUsers
DA:2,1
DA:5,11
LF:2
LH:2
BRF:0
BRH:0
end_of_record
TN:
SF:routes/users/root/post/index.js
FN:10,postUsers
FNF:1
FNH:1
FNDA:2,postUsers
DA:8,10
DA:11,2
DA:14,2
DA:15,2
DA:16,2
DA:17,1
DA:19,1
DA:20,1
DA:21,1
DA:25,10
LF:10
LH:10
BRF:0
BRH:0
end_of_record
TN:
SF:server-setup/express.js
FNF:0
FNH:0
DA:6,10
DA:7,10
DA:8,10
DA:9,10
DA:10,10
DA:11,10
DA:21,10
DA:22,10
DA:23,10
DA:35,10
DA:38,10
DA:39,10
DA:50,10
DA:51,10
LF:14
LH:14
BRF:0
BRH:0
end_of_record
TN:
SF:server-setup/index.js
FNF:0
FNH:0
DA:1,10
DA:7,10
DA:9,10
LF:3
LH:3
BRF:0
BRH:0
end_of_record
TN:
SF:server-setup/setup-fns.js
FN:12,logIfTrue
FN:17,stopServer
FN:22,startServer
FN:23,(anonymous_3)
FN:27,(anonymous_4)
FN:38,setupDB
FNF:6
FNH:5
FNDA:21,logIfTrue
FNDA:20,stopServer
FNDA:14,startServer
FNDA:0,(anonymous_3)
FNDA:13,(anonymous_4)
FNDA:14,setupDB
DA:1,11
DA:2,11
DA:3,11
DA:5,11
DA:6,11
DA:7,11
DA:13,21
DA:14,1
DA:18,20
DA:19,20
DA:23,14
DA:24,0
DA:27,14
DA:28,13
DA:39,14
DA:41,14
DA:47,14
DA:48,14
DA:50,0
DA:51,0
DA:55,11
LF:21
LH:18
BRDA:5,0,0,11
BRDA:5,0,1,11
BRDA:13,1,0,1
BRDA:13,1,1,20
BRF:4
BRH:4
end_of_record
